<?xml version="1.0" encoding="UTF-8"?>
<coverage generated="1656094467408" clover="3.2.0">
  <project timestamp="1656094467408" name="All files">
    <metrics statements="122" coveredstatements="117" conditionals="29" coveredconditionals="25" methods="53" coveredmethods="48" elements="204" coveredelements="190" complexity="0" loc="122" ncloc="122" packages="5" files="11" classes="11"/>
    <package name="shared.components.molecules.progress-bar">
      <metrics statements="6" coveredstatements="6" conditionals="0" coveredconditionals="0" methods="3" coveredmethods="3"/>
      <file name="progress-bar.component.html" path="C:\Users\Cesar Balcazar\Documents\PruebaChapter\todo-list-angular\src\app\shared\components\molecules\progress-bar\progress-bar.component.html">
        <metrics statements="1" coveredstatements="1" conditionals="0" coveredconditionals="0" methods="0" coveredmethods="0"/>
        <line num="1" count="2" type="stmt"/>
      </file>
      <file name="progress-bar.component.ts" path="C:\Users\Cesar Balcazar\Documents\PruebaChapter\todo-list-angular\src\app\shared\components\molecules\progress-bar\progress-bar.component.ts">
        <metrics statements="5" coveredstatements="5" conditionals="0" coveredconditionals="0" methods="3" coveredmethods="3"/>
        <line num="1" count="2" type="stmt"/>
        <line num="8" count="2" type="stmt"/>
        <line num="9" count="14" type="stmt"/>
        <line num="10" count="14" type="stmt"/>
        <line num="17" count="29" type="stmt"/>
      </file>
    </package>
    <package name="todo-list.components.add-todo">
      <metrics statements="44" coveredstatements="44" conditionals="15" coveredconditionals="15" methods="17" coveredmethods="17"/>
      <file name="add-todo.component.html" path="C:\Users\Cesar Balcazar\Documents\PruebaChapter\todo-list-angular\src\app\todo-list\components\add-todo\add-todo.component.html">
        <metrics statements="1" coveredstatements="1" conditionals="0" coveredconditionals="0" methods="0" coveredmethods="0"/>
        <line num="1" count="1" type="stmt"/>
      </file>
      <file name="add-todo.component.ts" path="C:\Users\Cesar Balcazar\Documents\PruebaChapter\todo-list-angular\src\app\todo-list\components\add-todo\add-todo.component.ts">
        <metrics statements="43" coveredstatements="43" conditionals="15" coveredconditionals="15" methods="17" coveredmethods="17"/>
        <line num="1" count="1" type="stmt"/>
        <line num="2" count="1" type="stmt"/>
        <line num="3" count="1" type="stmt"/>
        <line num="4" count="1" type="stmt"/>
        <line num="5" count="1" type="stmt"/>
        <line num="7" count="1" type="stmt"/>
        <line num="14" count="1" type="stmt"/>
        <line num="19" count="13" type="stmt"/>
        <line num="22" count="13" type="stmt"/>
        <line num="23" count="13" type="stmt"/>
        <line num="24" count="13" type="stmt"/>
        <line num="25" count="13" type="stmt"/>
        <line num="27" count="13" type="stmt"/>
        <line num="31" count="13" type="stmt"/>
        <line num="38" count="13" type="stmt"/>
        <line num="42" count="13" type="stmt"/>
        <line num="45" count="21" type="stmt"/>
        <line num="47" count="21" type="cond" truecount="1" falsecount="0"/>
        <line num="48" count="3" type="stmt"/>
        <line num="50" count="3" type="stmt"/>
        <line num="59" count="2" type="cond" truecount="2" falsecount="0"/>
        <line num="60" count="1" type="stmt"/>
        <line num="62" count="1" type="stmt"/>
        <line num="67" count="2" type="stmt"/>
        <line num="69" count="2" type="stmt"/>
        <line num="76" count="2" type="stmt"/>
        <line num="77" count="2" type="cond" truecount="1" falsecount="0"/>
        <line num="78" count="2" type="stmt"/>
        <line num="84" count="2" type="stmt"/>
        <line num="85" count="2" type="stmt"/>
        <line num="87" count="2" type="stmt"/>
        <line num="96" count="2" type="stmt"/>
        <line num="97" count="2" type="cond" truecount="1" falsecount="0"/>
        <line num="98" count="2" type="stmt"/>
        <line num="104" count="4" type="stmt"/>
        <line num="105" count="4" type="stmt"/>
        <line num="109" count="26" type="stmt"/>
        <line num="113" count="27" type="cond" truecount="2" falsecount="0"/>
        <line num="117" count="27" type="cond" truecount="4" falsecount="0"/>
        <line num="124" count="27" type="cond" truecount="4" falsecount="0"/>
        <line num="131" count="13" type="stmt"/>
        <line num="135" count="13" type="stmt"/>
        <line num="136" count="13" type="stmt"/>
      </file>
    </package>
    <package name="todo-list.components.todo-wrapper">
      <metrics statements="39" coveredstatements="34" conditionals="10" coveredconditionals="6" methods="20" coveredmethods="15"/>
      <file name="todo-wrapper.component.html" path="C:\Users\Cesar Balcazar\Documents\PruebaChapter\todo-list-angular\src\app\todo-list\components\todo-wrapper\todo-wrapper.component.html">
        <metrics statements="1" coveredstatements="1" conditionals="0" coveredconditionals="0" methods="0" coveredmethods="0"/>
        <line num="1" count="1" type="stmt"/>
      </file>
      <file name="todo-wrapper.component.ts" path="C:\Users\Cesar Balcazar\Documents\PruebaChapter\todo-list-angular\src\app\todo-list\components\todo-wrapper\todo-wrapper.component.ts">
        <metrics statements="38" coveredstatements="33" conditionals="10" coveredconditionals="6" methods="20" coveredmethods="15"/>
        <line num="1" count="1" type="stmt"/>
        <line num="2" count="1" type="stmt"/>
        <line num="3" count="1" type="stmt"/>
        <line num="5" count="1" type="stmt"/>
        <line num="6" count="1" type="stmt"/>
        <line num="7" count="1" type="stmt"/>
        <line num="14" count="1" type="stmt"/>
        <line num="15" count="13" type="stmt"/>
        <line num="16" count="13" type="stmt"/>
        <line num="18" count="13" type="stmt"/>
        <line num="19" count="13" type="stmt"/>
        <line num="22" count="13" type="stmt"/>
        <line num="23" count="13" type="stmt"/>
        <line num="24" count="13" type="stmt"/>
        <line num="28" count="13" type="stmt"/>
        <line num="29" count="13" type="stmt"/>
        <line num="33" count="15" type="stmt"/>
        <line num="37" count="13" type="stmt"/>
        <line num="39" count="13" type="stmt"/>
        <line num="43" count="1" type="stmt"/>
        <line num="48" count="1" type="stmt"/>
        <line num="51" count="1" type="cond" truecount="1" falsecount="0"/>
        <line num="52" count="1" type="stmt"/>
        <line num="58" count="0" type="stmt"/>
        <line num="62" count="0" type="stmt"/>
        <line num="63" count="0" type="stmt"/>
        <line num="67" count="1" type="stmt"/>
        <line num="68" count="1" type="cond" truecount="1" falsecount="0"/>
        <line num="69" count="1" type="stmt"/>
        <line num="75" count="1" type="stmt"/>
        <line num="79" count="0" type="stmt"/>
        <line num="83" count="1" type="cond" truecount="1" falsecount="1"/>
        <line num="87" count="79" type="stmt"/>
        <line num="91" count="0" type="stmt"/>
        <line num="95" count="79" type="cond" truecount="2" falsecount="2"/>
        <line num="101" count="13" type="stmt"/>
        <line num="105" count="13" type="stmt"/>
        <line num="106" count="13" type="stmt"/>
      </file>
    </package>
    <package name="todo-list.pipes">
      <metrics statements="9" coveredstatements="9" conditionals="4" coveredconditionals="4" methods="2" coveredmethods="2"/>
      <file name="index.ts" path="C:\Users\Cesar Balcazar\Documents\PruebaChapter\todo-list-angular\src\app\todo-list\pipes\index.ts">
        <metrics statements="1" coveredstatements="1" conditionals="0" coveredconditionals="0" methods="0" coveredmethods="0"/>
        <line num="1" count="1" type="stmt"/>
      </file>
      <file name="todo-filter.pipe.ts" path="C:\Users\Cesar Balcazar\Documents\PruebaChapter\todo-list-angular\src\app\todo-list\pipes\todo-filter.pipe.ts">
        <metrics statements="8" coveredstatements="8" conditionals="4" coveredconditionals="4" methods="2" coveredmethods="2"/>
        <line num="1" count="2" type="stmt"/>
        <line num="7" count="2" type="stmt"/>
        <line num="13" count="3" type="stmt"/>
        <line num="14" count="6" type="stmt"/>
        <line num="18" count="6" type="cond" truecount="1" falsecount="0"/>
        <line num="19" count="2" type="stmt"/>
        <line num="22" count="4" type="stmt"/>
        <line num="24" count="4" type="cond" truecount="2" falsecount="0"/>
      </file>
    </package>
    <package name="todo-list.services">
      <metrics statements="24" coveredstatements="24" conditionals="0" coveredconditionals="0" methods="11" coveredmethods="11"/>
      <file name="index.ts" path="C:\Users\Cesar Balcazar\Documents\PruebaChapter\todo-list-angular\src\app\todo-list\services\index.ts">
        <metrics statements="2" coveredstatements="2" conditionals="0" coveredconditionals="0" methods="0" coveredmethods="0"/>
        <line num="1" count="1" type="stmt"/>
        <line num="2" count="1" type="stmt"/>
      </file>
      <file name="state.service.ts" path="C:\Users\Cesar Balcazar\Documents\PruebaChapter\todo-list-angular\src\app\todo-list\services\state.service.ts">
        <metrics statements="9" coveredstatements="9" conditionals="0" coveredconditionals="0" methods="5" coveredmethods="5"/>
        <line num="1" count="3" type="stmt"/>
        <line num="2" count="3" type="stmt"/>
        <line num="8" count="3" type="stmt"/>
        <line num="10" count="21" type="stmt"/>
        <line num="11" count="21" type="stmt"/>
        <line num="16" count="1" type="stmt"/>
        <line num="20" count="9" type="stmt"/>
        <line num="24" count="1" type="stmt"/>
        <line num="28" count="2" type="stmt"/>
      </file>
      <file name="todo.service.ts" path="C:\Users\Cesar Balcazar\Documents\PruebaChapter\todo-list-angular\src\app\todo-list\services\todo.service.ts">
        <metrics statements="13" coveredstatements="13" conditionals="0" coveredconditionals="0" methods="6" coveredmethods="6"/>
        <line num="1" count="3" type="stmt"/>
        <line num="2" count="3" type="stmt"/>
        <line num="5" count="3" type="stmt"/>
        <line num="6" count="3" type="stmt"/>
        <line num="12" count="3" type="stmt"/>
        <line num="13" count="18" type="stmt"/>
        <line num="14" count="18" type="stmt"/>
        <line num="16" count="18" type="stmt"/>
        <line num="19" count="14" type="stmt"/>
        <line num="23" count="1" type="stmt"/>
        <line num="29" count="1" type="stmt"/>
        <line num="36" count="1" type="stmt"/>
        <line num="40" count="1" type="stmt"/>
      </file>
    </package>
  </project>
</coverage>
