{"G:\\Banco Pichincha\\Prueba Front\\todo-list-angular\\src\\app\\todo-list\\components\\todo-wrapper\\todo-wrapper.component.html": {"path":"G:\\Banco Pichincha\\Prueba Front\\todo-list-angular\\src\\app\\todo-list\\components\\todo-wrapper\\todo-wrapper.component.html","statementMap":{"0":{"start":{"line":1,"column":0},"end":{"line":1,"column":1677}}},"fnMap":{},"branchMap":{},"s":{"0":1},"f":{},"b":{},"inputSourceMap":null,"_coverageSchema":"1a1c01bbd47fc00a2c39e90264f33305004495a9","hash":"354048531e438eb3654ae062c702b965da71d7c2"}
,"G:\\Banco Pichincha\\Prueba Front\\todo-list-angular\\src\\app\\todo-list\\components\\todo-wrapper\\todo-wrapper.component.ts": {"path":"G:\\Banco Pichincha\\Prueba Front\\todo-list-angular\\src\\app\\todo-list\\components\\todo-wrapper\\todo-wrapper.component.ts","statementMap":{"0":{"start":{"line":1,"column":0},"end":{"line":1,"column":50}},"1":{"start":{"line":2,"column":0},"end":{"line":2,"column":9}},"2":{"start":{"line":5,"column":0},"end":{"line":5,"column":9}},"3":{"start":{"line":6,"column":0},"end":{"line":6,"column":9}},"4":{"start":{"line":14,"column":33},"end":{"line":129,"column":null}},"5":{"start":{"line":23,"column":21},"end":{"line":23,"column":34}},"6":{"start":{"line":24,"column":21},"end":{"line":24,"column":28}},"7":{"start":{"line":25,"column":12},"end":{"line":25,"column":20}},"8":{"start":{"line":16,"column":2},"end":{"line":16,"column":28}},"9":{"start":{"line":17,"column":2},"end":{"line":17,"column":24}},"10":{"start":{"line":19,"column":2},"end":{"line":19,"column":51}},"11":{"start":{"line":20,"column":2},"end":{"line":20,"column":29}},"12":{"start":{"line":28,"column":4},"end":{"line":28,"column":25}},"13":{"start":{"line":29,"column":4},"end":{"line":29,"column":18}},"14":{"start":{"line":42,"column":4},"end":{"line":52,"column":6}},"15":{"start":{"line":44,"column":8},"end":{"line":46,"column":44}},"16":{"start":{"line":46,"column":10},"end":{"line":46,"column":44}},"17":{"start":{"line":47,"column":8},"end":{"line":47,"column":38}},"18":{"start":{"line":50,"column":8},"end":{"line":50,"column":22}},"19":{"start":{"line":57,"column":4},"end":{"line":57,"column":36}},"20":{"start":{"line":61,"column":4},"end":{"line":71,"column":null}},"21":{"start":{"line":63,"column":8},"end":{"line":66,"column":null}},"22":{"start":{"line":64,"column":10},"end":{"line":64,"column":56}},"23":{"start":{"line":65,"column":10},"end":{"line":65,"column":24}},"24":{"start":{"line":69,"column":8},"end":{"line":69,"column":48}},"25":{"start":{"line":76,"column":21},"end":{"line":76,"column":47}},"26":{"start":{"line":78,"column":4},"end":{"line":83,"column":null}},"27":{"start":{"line":79,"column":6},"end":{"line":79,"column":20}},"28":{"start":{"line":81,"column":6},"end":{"line":82,"column":64}},"29":{"start":{"line":82,"column":8},"end":{"line":82,"column":62}},"30":{"start":{"line":87,"column":4},"end":{"line":87,"column":37}},"31":{"start":{"line":88,"column":4},"end":{"line":95,"column":null}},"32":{"start":{"line":89,"column":6},"end":{"line":89,"column":43}},"33":{"start":{"line":90,"column":6},"end":{"line":90,"column":77}},"34":{"start":{"line":90,"column":60},"end":{"line":90,"column":75}},"35":{"start":{"line":93,"column":6},"end":{"line":93,"column":52}},"36":{"start":{"line":94,"column":6},"end":{"line":94,"column":40}},"37":{"start":{"line":111,"column":4},"end":{"line":111,"column":22}},"38":{"start":{"line":112,"column":4},"end":{"line":112,"column":39}},"39":{"start":{"line":113,"column":4},"end":{"line":113,"column":24}},"40":{"start":{"line":117,"column":4},"end":{"line":117,"column":22}},"41":{"start":{"line":118,"column":4},"end":{"line":127,"column":6}},"42":{"start":{"line":120,"column":8},"end":{"line":122,"column":null}},"43":{"start":{"line":14,"column":13},"end":{"line":129,"column":null}},"44":{"start":{"line":14,"column":13},"end":{"line":14,"column":33}}},"fnMap":{"0":{"name":"(anonymous_0)","decl":{"start":{"line":22,"column":2},"end":{"line":22,"column":null}},"loc":{"start":{"line":25,"column":26},"end":{"line":25,"column":31}}},"1":{"name":"(anonymous_1)","decl":{"start":{"line":27,"column":2},"end":{"line":27,"column":10}},"loc":{"start":{"line":27,"column":10},"end":{"line":30,"column":3}}},"2":{"name":"(anonymous_2)","decl":{"start":{"line":41,"column":2},"end":{"line":41,"column":8}},"loc":{"start":{"line":41,"column":8},"end":{"line":53,"column":3}}},"3":{"name":"(anonymous_3)","decl":{"start":{"line":43,"column":6},"end":{"line":43,"column":7}},"loc":{"start":{"line":43,"column":19},"end":{"line":48,"column":7}}},"4":{"name":"(anonymous_4)","decl":{"start":{"line":49,"column":6},"end":{"line":49,"column":7}},"loc":{"start":{"line":49,"column":16},"end":{"line":51,"column":7}}},"5":{"name":"(anonymous_5)","decl":{"start":{"line":56,"column":2},"end":{"line":56,"column":9}},"loc":{"start":{"line":56,"column":9},"end":{"line":58,"column":3}}},"6":{"name":"(anonymous_6)","decl":{"start":{"line":60,"column":2},"end":{"line":60,"column":12}},"loc":{"start":{"line":60,"column":23},"end":{"line":72,"column":3}}},"7":{"name":"(anonymous_7)","decl":{"start":{"line":62,"column":6},"end":{"line":62,"column":7}},"loc":{"start":{"line":62,"column":19},"end":{"line":67,"column":7}}},"8":{"name":"(anonymous_8)","decl":{"start":{"line":68,"column":6},"end":{"line":68,"column":7}},"loc":{"start":{"line":68,"column":16},"end":{"line":70,"column":7}}},"9":{"name":"(anonymous_9)","decl":{"start":{"line":74,"column":2},"end":{"line":74,"column":10}},"loc":{"start":{"line":74,"column":10},"end":{"line":84,"column":3}}},"10":{"name":"(anonymous_10)","decl":{"start":{"line":81,"column":47},"end":{"line":81,"column":48}},"loc":{"start":{"line":82,"column":8},"end":{"line":82,"column":62}}},"11":{"name":"(anonymous_11)","decl":{"start":{"line":86,"column":2},"end":{"line":86,"column":10}},"loc":{"start":{"line":86,"column":10},"end":{"line":108,"column":3}}},"12":{"name":"(anonymous_12)","decl":{"start":{"line":90,"column":47},"end":{"line":90,"column":48}},"loc":{"start":{"line":90,"column":60},"end":{"line":90,"column":75}}},"13":{"name":"(anonymous_13)","decl":{"start":{"line":110,"column":2},"end":{"line":110,"column":16}},"loc":{"start":{"line":110,"column":39},"end":{"line":114,"column":3}}},"14":{"name":"(anonymous_14)","decl":{"start":{"line":116,"column":2},"end":{"line":116,"column":10}},"loc":{"start":{"line":116,"column":21},"end":{"line":128,"column":3}}},"15":{"name":"(anonymous_15)","decl":{"start":{"line":119,"column":6},"end":{"line":119,"column":7}},"loc":{"start":{"line":119,"column":19},"end":{"line":123,"column":7}}},"16":{"name":"(anonymous_16)","decl":{"start":{"line":124,"column":6},"end":{"line":124,"column":7}},"loc":{"start":{"line":124,"column":16},"end":{"line":126,"column":7}}}},"branchMap":{"0":{"loc":{"start":{"line":44,"column":8},"end":{"line":46,"column":44}},"type":"if","locations":[{"start":{"line":44,"column":8},"end":{"line":46,"column":44}}]},"1":{"loc":{"start":{"line":63,"column":8},"end":{"line":66,"column":null}},"type":"if","locations":[{"start":{"line":63,"column":8},"end":{"line":66,"column":null}}]},"2":{"loc":{"start":{"line":78,"column":4},"end":{"line":83,"column":null}},"type":"if","locations":[{"start":{"line":78,"column":4},"end":{"line":83,"column":null}},{"start":{"line":80,"column":11},"end":{"line":83,"column":null}}]},"3":{"loc":{"start":{"line":88,"column":4},"end":{"line":95,"column":null}},"type":"if","locations":[{"start":{"line":88,"column":4},"end":{"line":95,"column":null}},{"start":{"line":92,"column":9},"end":{"line":95,"column":null}}]},"4":{"loc":{"start":{"line":120,"column":8},"end":{"line":122,"column":null}},"type":"if","locations":[{"start":{"line":120,"column":8},"end":{"line":122,"column":null}}]}},"s":{"0":1,"1":1,"2":1,"3":1,"4":1,"5":0,"6":0,"7":0,"8":0,"9":0,"10":0,"11":0,"12":0,"13":0,"14":0,"15":0,"16":0,"17":0,"18":0,"19":0,"20":0,"21":0,"22":0,"23":0,"24":0,"25":0,"26":0,"27":0,"28":0,"29":0,"30":0,"31":0,"32":0,"33":0,"34":0,"35":0,"36":0,"37":0,"38":0,"39":0,"40":0,"41":0,"42":0,"43":1,"44":1},"f":{"0":0,"1":0,"2":0,"3":0,"4":0,"5":0,"6":0,"7":0,"8":0,"9":0,"10":0,"11":0,"12":0,"13":0,"14":0,"15":0,"16":0},"b":{"0":[0],"1":[0],"2":[0,0],"3":[0,0],"4":[0]}}
,"G:\\Banco Pichincha\\Prueba Front\\todo-list-angular\\src\\app\\todo-list\\services\\state.service.ts": {"path":"G:\\Banco Pichincha\\Prueba Front\\todo-list-angular\\src\\app\\todo-list\\services\\state.service.ts","statementMap":{"0":{"start":{"line":1,"column":0},"end":{"line":1,"column":43}},"1":{"start":{"line":2,"column":0},"end":{"line":2,"column":39}},"2":{"start":{"line":8,"column":25},"end":{"line":31,"column":null}},"3":{"start":{"line":10,"column":9},"end":{"line":10,"column":60}},"4":{"start":{"line":11,"column":9},"end":{"line":11,"column":60}},"5":{"start":{"line":16,"column":4},"end":{"line":16,"column":39}},"6":{"start":{"line":20,"column":4},"end":{"line":20,"column":33}},"7":{"start":{"line":24,"column":4},"end":{"line":24,"column":37}},"8":{"start":{"line":28,"column":4},"end":{"line":28,"column":31}},"9":{"start":{"line":8,"column":13},"end":{"line":31,"column":null}},"10":{"start":{"line":8,"column":13},"end":{"line":8,"column":25}}},"fnMap":{"0":{"name":"(anonymous_0)","decl":{"start":{"line":13,"column":2},"end":{"line":13,"column":18}},"loc":{"start":{"line":13,"column":2},"end":{"line":13,"column":19}}},"1":{"name":"(anonymous_1)","decl":{"start":{"line":15,"column":2},"end":{"line":15,"column":6}},"loc":{"start":{"line":15,"column":16},"end":{"line":17,"column":3}}},"2":{"name":"(anonymous_2)","decl":{"start":{"line":19,"column":2},"end":{"line":19,"column":15}},"loc":{"start":{"line":19,"column":27},"end":{"line":21,"column":3}}},"3":{"name":"(anonymous_3)","decl":{"start":{"line":23,"column":2},"end":{"line":23,"column":6}},"loc":{"start":{"line":23,"column":14},"end":{"line":25,"column":3}}},"4":{"name":"(anonymous_4)","decl":{"start":{"line":27,"column":2},"end":{"line":27,"column":13}},"loc":{"start":{"line":27,"column":27},"end":{"line":29,"column":3}}}},"branchMap":{},"s":{"0":1,"1":1,"2":1,"3":2,"4":2,"5":0,"6":0,"7":0,"8":0,"9":1,"10":1},"f":{"0":2,"1":0,"2":0,"3":0,"4":0},"b":{}}
,"G:\\Banco Pichincha\\Prueba Front\\todo-list-angular\\src\\app\\todo-list\\services\\todo.service.ts": {"path":"G:\\Banco Pichincha\\Prueba Front\\todo-list-angular\\src\\app\\todo-list\\services\\todo.service.ts","statementMap":{"0":{"start":{"line":1,"column":0},"end":{"line":1,"column":9}},"1":{"start":{"line":2,"column":0},"end":{"line":2,"column":43}},"2":{"start":{"line":4,"column":0},"end":{"line":4,"column":37}},"3":{"start":{"line":10,"column":24},"end":{"line":36,"column":null}},"4":{"start":{"line":15,"column":21},"end":{"line":15,"column":33}},"5":{"start":{"line":12,"column":19},"end":{"line":12,"column":32}},"6":{"start":{"line":13,"column":11},"end":{"line":13,"column":57}},"7":{"start":{"line":18,"column":4},"end":{"line":20,"column":6}},"8":{"start":{"line":19,"column":20},"end":{"line":19,"column":32}},"9":{"start":{"line":24,"column":4},"end":{"line":24,"column":35}},"10":{"start":{"line":25,"column":4},"end":{"line":25,"column":null}},"11":{"start":{"line":29,"column":4},"end":{"line":29,"column":35}},"12":{"start":{"line":30,"column":4},"end":{"line":30,"column":72}},"13":{"start":{"line":34,"column":4},"end":{"line":34,"column":68}},"14":{"start":{"line":10,"column":13},"end":{"line":36,"column":null}},"15":{"start":{"line":10,"column":13},"end":{"line":10,"column":24}}},"fnMap":{"0":{"name":"(anonymous_0)","decl":{"start":{"line":15,"column":2},"end":{"line":15,"column":21}},"loc":{"start":{"line":15,"column":43},"end":{"line":15,"column":48}}},"1":{"name":"(anonymous_1)","decl":{"start":{"line":17,"column":2},"end":{"line":17,"column":8}},"loc":{"start":{"line":17,"column":8},"end":{"line":21,"column":3}}},"2":{"name":"(anonymous_2)","decl":{"start":{"line":19,"column":10},"end":{"line":19,"column":14}},"loc":{"start":{"line":19,"column":17},"end":{"line":19,"column":34}}},"3":{"name":"(anonymous_3)","decl":{"start":{"line":23,"column":2},"end":{"line":23,"column":9}},"loc":{"start":{"line":23,"column":20},"end":{"line":26,"column":3}}},"4":{"name":"(anonymous_4)","decl":{"start":{"line":28,"column":2},"end":{"line":28,"column":12}},"loc":{"start":{"line":28,"column":23},"end":{"line":31,"column":3}}},"5":{"name":"(anonymous_5)","decl":{"start":{"line":33,"column":2},"end":{"line":33,"column":12}},"loc":{"start":{"line":33,"column":23},"end":{"line":35,"column":3}}}},"branchMap":{},"s":{"0":1,"1":1,"2":1,"3":1,"4":2,"5":2,"6":2,"7":0,"8":0,"9":0,"10":0,"11":0,"12":0,"13":0,"14":1,"15":1},"f":{"0":2,"1":0,"2":0,"3":0,"4":0,"5":0},"b":{}}
}
