{"C:\\Users\\Cesar Balcazar\\Documents\\PruebaChapter\\todo-list-angular\\src\\app\\shared\\components\\molecules\\progress-bar\\progress-bar.component.html": {"path":"C:\\Users\\Cesar Balcazar\\Documents\\PruebaChapter\\todo-list-angular\\src\\app\\shared\\components\\molecules\\progress-bar\\progress-bar.component.html","statementMap":{"0":{"start":{"line":1,"column":0},"end":{"line":1,"column":200}}},"fnMap":{},"branchMap":{},"s":{"0":2},"f":{},"b":{},"inputSourceMap":null,"_coverageSchema":"1a1c01bbd47fc00a2c39e90264f33305004495a9","hash":"4c0c3f20e3c70261e14fd946f75a57f634ad978f"}
,"C:\\Users\\Cesar Balcazar\\Documents\\PruebaChapter\\todo-list-angular\\src\\app\\shared\\components\\molecules\\progress-bar\\progress-bar.component.ts": {"path":"C:\\Users\\Cesar Balcazar\\Documents\\PruebaChapter\\todo-list-angular\\src\\app\\shared\\components\\molecules\\progress-bar\\progress-bar.component.ts","statementMap":{"0":{"start":{"line":1,"column":0},"end":{"line":1,"column":57}},"1":{"start":{"line":8,"column":33},"end":{"line":19,"column":null}},"2":{"start":{"line":9,"column":11},"end":{"line":9,"column":38}},"3":{"start":{"line":10,"column":11},"end":{"line":10,"column":34}},"4":{"start":{"line":17,"column":4},"end":{"line":17,"column":63}},"5":{"start":{"line":8,"column":13},"end":{"line":19,"column":null}},"6":{"start":{"line":8,"column":13},"end":{"line":8,"column":33}}},"fnMap":{"0":{"name":"(anonymous_0)","decl":{"start":{"line":12,"column":2},"end":{"line":12,"column":17}},"loc":{"start":{"line":12,"column":2},"end":{"line":12,"column":18}}},"1":{"name":"(anonymous_1)","decl":{"start":{"line":14,"column":2},"end":{"line":14,"column":10}},"loc":{"start":{"line":14,"column":10},"end":{"line":14,"column":21}}},"2":{"name":"(anonymous_2)","decl":{"start":{"line":16,"column":2},"end":{"line":16,"column":6}},"loc":{"start":{"line":16,"column":16},"end":{"line":18,"column":3}}}},"branchMap":{},"s":{"0":2,"1":2,"2":14,"3":14,"4":29,"5":2,"6":2},"f":{"0":14,"1":14,"2":29},"b":{}}
,"C:\\Users\\Cesar Balcazar\\Documents\\PruebaChapter\\todo-list-angular\\src\\app\\todo-list\\components\\add-todo\\add-todo.component.html": {"path":"C:\\Users\\Cesar Balcazar\\Documents\\PruebaChapter\\todo-list-angular\\src\\app\\todo-list\\components\\add-todo\\add-todo.component.html","statementMap":{"0":{"start":{"line":1,"column":0},"end":{"line":1,"column":1458}}},"fnMap":{},"branchMap":{},"s":{"0":1},"f":{},"b":{},"inputSourceMap":null,"_coverageSchema":"1a1c01bbd47fc00a2c39e90264f33305004495a9","hash":"10feeed52f181ca2db3e52950593d02796d65651"}
,"C:\\Users\\Cesar Balcazar\\Documents\\PruebaChapter\\todo-list-angular\\src\\app\\todo-list\\components\\add-todo\\add-todo.component.ts": {"path":"C:\\Users\\Cesar Balcazar\\Documents\\PruebaChapter\\todo-list-angular\\src\\app\\todo-list\\components\\add-todo\\add-todo.component.ts","statementMap":{"0":{"start":{"line":1,"column":0},"end":{"line":1,"column":21}},"1":{"start":{"line":2,"column":0},"end":{"line":2,"column":61}},"2":{"start":{"line":3,"column":0},"end":{"line":3,"column":9}},"3":{"start":{"line":4,"column":0},"end":{"line":4,"column":31}},"4":{"start":{"line":5,"column":0},"end":{"line":5,"column":43}},"5":{"start":{"line":7,"column":0},"end":{"line":7,"column":9}},"6":{"start":{"line":14,"column":29},"end":{"line":138,"column":null}},"7":{"start":{"line":22,"column":21},"end":{"line":22,"column":26}},"8":{"start":{"line":23,"column":21},"end":{"line":23,"column":35}},"9":{"start":{"line":24,"column":21},"end":{"line":24,"column":36}},"10":{"start":{"line":25,"column":21},"end":{"line":25,"column":32}},"11":{"start":{"line":19,"column":2},"end":{"line":19,"column":29}},"12":{"start":{"line":27,"column":4},"end":{"line":27,"column":26}},"13":{"start":{"line":31,"column":4},"end":{"line":34,"column":7}},"14":{"start":{"line":38,"column":4},"end":{"line":38,"column":32}},"15":{"start":{"line":42,"column":4},"end":{"line":55,"column":9}},"16":{"start":{"line":45,"column":8},"end":{"line":45,"column":33}},"17":{"start":{"line":47,"column":8},"end":{"line":54,"column":null}},"18":{"start":{"line":48,"column":45},"end":{"line":48,"column":62}},"19":{"start":{"line":50,"column":10},"end":{"line":53,"column":13}},"20":{"start":{"line":59,"column":4},"end":{"line":63,"column":null}},"21":{"start":{"line":60,"column":6},"end":{"line":60,"column":24}},"22":{"start":{"line":62,"column":6},"end":{"line":62,"column":24}},"23":{"start":{"line":67,"column":38},"end":{"line":67,"column":56}},"24":{"start":{"line":69,"column":26},"end":{"line":74,"column":6}},"25":{"start":{"line":76,"column":4},"end":{"line":80,"column":7}},"26":{"start":{"line":77,"column":6},"end":{"line":79,"column":null}},"27":{"start":{"line":78,"column":8},"end":{"line":78,"column":28}},"28":{"start":{"line":84,"column":38},"end":{"line":84,"column":56}},"29":{"start":{"line":85,"column":39},"end":{"line":85,"column":56}},"30":{"start":{"line":87,"column":30},"end":{"line":94,"column":6}},"31":{"start":{"line":96,"column":4},"end":{"line":100,"column":7}},"32":{"start":{"line":97,"column":6},"end":{"line":99,"column":null}},"33":{"start":{"line":98,"column":8},"end":{"line":98,"column":28}},"34":{"start":{"line":104,"column":4},"end":{"line":104,"column":26}},"35":{"start":{"line":105,"column":4},"end":{"line":105,"column":50}},"36":{"start":{"line":109,"column":4},"end":{"line":109,"column":32}},"37":{"start":{"line":113,"column":4},"end":{"line":113,"column":56}},"38":{"start":{"line":117,"column":4},"end":{"line":120,"column":11}},"39":{"start":{"line":124,"column":4},"end":{"line":127,"column":11}},"40":{"start":{"line":131,"column":4},"end":{"line":131,"column":27}},"41":{"start":{"line":135,"column":4},"end":{"line":135,"column":27}},"42":{"start":{"line":136,"column":4},"end":{"line":136,"column":31}},"43":{"start":{"line":14,"column":13},"end":{"line":138,"column":null}},"44":{"start":{"line":14,"column":13},"end":{"line":14,"column":29}}},"fnMap":{"0":{"name":"(anonymous_0)","decl":{"start":{"line":21,"column":2},"end":{"line":21,"column":null}},"loc":{"start":{"line":25,"column":40},"end":{"line":28,"column":3}}},"1":{"name":"(anonymous_1)","decl":{"start":{"line":30,"column":2},"end":{"line":30,"column":16}},"loc":{"start":{"line":30,"column":16},"end":{"line":35,"column":3}}},"2":{"name":"(anonymous_2)","decl":{"start":{"line":37,"column":2},"end":{"line":37,"column":10}},"loc":{"start":{"line":37,"column":10},"end":{"line":39,"column":3}}},"3":{"name":"(anonymous_3)","decl":{"start":{"line":41,"column":2},"end":{"line":41,"column":22}},"loc":{"start":{"line":41,"column":22},"end":{"line":56,"column":3}}},"4":{"name":"(anonymous_4)","decl":{"start":{"line":44,"column":17},"end":{"line":44,"column":18}},"loc":{"start":{"line":44,"column":26},"end":{"line":55,"column":7}}},"5":{"name":"(anonymous_5)","decl":{"start":{"line":58,"column":2},"end":{"line":58,"column":12}},"loc":{"start":{"line":58,"column":12},"end":{"line":64,"column":3}}},"6":{"name":"(anonymous_6)","decl":{"start":{"line":66,"column":2},"end":{"line":66,"column":12}},"loc":{"start":{"line":66,"column":12},"end":{"line":81,"column":3}}},"7":{"name":"(anonymous_7)","decl":{"start":{"line":76,"column":52},"end":{"line":76,"column":53}},"loc":{"start":{"line":76,"column":61},"end":{"line":80,"column":5}}},"8":{"name":"(anonymous_8)","decl":{"start":{"line":83,"column":2},"end":{"line":83,"column":12}},"loc":{"start":{"line":83,"column":12},"end":{"line":101,"column":3}}},"9":{"name":"(anonymous_9)","decl":{"start":{"line":96,"column":60},"end":{"line":96,"column":61}},"loc":{"start":{"line":96,"column":69},"end":{"line":100,"column":5}}},"10":{"name":"(anonymous_10)","decl":{"start":{"line":103,"column":2},"end":{"line":103,"column":14}},"loc":{"start":{"line":103,"column":14},"end":{"line":106,"column":3}}},"11":{"name":"(anonymous_11)","decl":{"start":{"line":108,"column":2},"end":{"line":108,"column":6}},"loc":{"start":{"line":108,"column":19},"end":{"line":110,"column":3}}},"12":{"name":"(anonymous_12)","decl":{"start":{"line":112,"column":2},"end":{"line":112,"column":6}},"loc":{"start":{"line":112,"column":16},"end":{"line":114,"column":3}}},"13":{"name":"(anonymous_13)","decl":{"start":{"line":116,"column":2},"end":{"line":116,"column":6}},"loc":{"start":{"line":116,"column":29},"end":{"line":121,"column":3}}},"14":{"name":"(anonymous_14)","decl":{"start":{"line":123,"column":2},"end":{"line":123,"column":6}},"loc":{"start":{"line":123,"column":22},"end":{"line":128,"column":3}}},"15":{"name":"(anonymous_15)","decl":{"start":{"line":130,"column":2},"end":{"line":130,"column":13}},"loc":{"start":{"line":130,"column":13},"end":{"line":132,"column":3}}},"16":{"name":"(anonymous_16)","decl":{"start":{"line":134,"column":2},"end":{"line":134,"column":17}},"loc":{"start":{"line":134,"column":17},"end":{"line":137,"column":3}}}},"branchMap":{"0":{"loc":{"start":{"line":47,"column":8},"end":{"line":54,"column":null}},"type":"if","locations":[{"start":{"line":47,"column":8},"end":{"line":54,"column":null}}]},"1":{"loc":{"start":{"line":59,"column":4},"end":{"line":63,"column":null}},"type":"if","locations":[{"start":{"line":59,"column":4},"end":{"line":63,"column":null}},{"start":{"line":61,"column":11},"end":{"line":63,"column":null}}]},"2":{"loc":{"start":{"line":77,"column":6},"end":{"line":79,"column":null}},"type":"if","locations":[{"start":{"line":77,"column":6},"end":{"line":79,"column":null}}]},"3":{"loc":{"start":{"line":97,"column":6},"end":{"line":99,"column":null}},"type":"if","locations":[{"start":{"line":97,"column":6},"end":{"line":99,"column":null}}]},"4":{"loc":{"start":{"line":113,"column":11},"end":{"line":113,"column":55}},"type":"cond-expr","locations":[{"start":{"line":113,"column":31},"end":{"line":113,"column":43}},{"start":{"line":113,"column":46},"end":{"line":113,"column":55}}]},"5":{"loc":{"start":{"line":117,"column":11},"end":{"line":120,"column":10}},"type":"cond-expr","locations":[{"start":{"line":119,"column":8},"end":{"line":119,"column":34}},{"start":{"line":120,"column":8},"end":{"line":120,"column":10}}]},"6":{"loc":{"start":{"line":117,"column":11},"end":{"line":118,"column":45}},"type":"binary-expr","locations":[{"start":{"line":117,"column":11},"end":{"line":117,"column":49}},{"start":{"line":118,"column":6},"end":{"line":118,"column":45}}]},"7":{"loc":{"start":{"line":124,"column":11},"end":{"line":127,"column":10}},"type":"cond-expr","locations":[{"start":{"line":126,"column":8},"end":{"line":126,"column":35}},{"start":{"line":127,"column":8},"end":{"line":127,"column":10}}]},"8":{"loc":{"start":{"line":124,"column":11},"end":{"line":125,"column":42}},"type":"binary-expr","locations":[{"start":{"line":124,"column":11},"end":{"line":124,"column":46}},{"start":{"line":125,"column":6},"end":{"line":125,"column":42}}]}},"s":{"0":1,"1":1,"2":1,"3":1,"4":1,"5":1,"6":1,"7":13,"8":13,"9":13,"10":13,"11":13,"12":13,"13":13,"14":13,"15":13,"16":21,"17":21,"18":3,"19":3,"20":2,"21":1,"22":1,"23":2,"24":2,"25":2,"26":2,"27":2,"28":2,"29":2,"30":2,"31":2,"32":2,"33":2,"34":4,"35":4,"36":26,"37":27,"38":27,"39":27,"40":13,"41":13,"42":13,"43":1,"44":1},"f":{"0":13,"1":13,"2":13,"3":13,"4":21,"5":2,"6":2,"7":2,"8":2,"9":2,"10":4,"11":26,"12":27,"13":27,"14":27,"15":13,"16":13},"b":{"0":[3],"1":[1,1],"2":[2],"3":[2],"4":[1,26],"5":[1,26],"6":[27,27],"7":[1,26],"8":[27,27]}}
,"C:\\Users\\Cesar Balcazar\\Documents\\PruebaChapter\\todo-list-angular\\src\\app\\todo-list\\components\\todo-wrapper\\todo-wrapper.component.html": {"path":"C:\\Users\\Cesar Balcazar\\Documents\\PruebaChapter\\todo-list-angular\\src\\app\\todo-list\\components\\todo-wrapper\\todo-wrapper.component.html","statementMap":{"0":{"start":{"line":1,"column":0},"end":{"line":1,"column":2027}}},"fnMap":{},"branchMap":{},"s":{"0":1},"f":{},"b":{},"inputSourceMap":null,"_coverageSchema":"1a1c01bbd47fc00a2c39e90264f33305004495a9","hash":"8e5b0ab4d70a08f8603a39cdeb6267c6c8e8e01d"}
,"C:\\Users\\Cesar Balcazar\\Documents\\PruebaChapter\\todo-list-angular\\src\\app\\todo-list\\components\\todo-wrapper\\todo-wrapper.component.ts": {"path":"C:\\Users\\Cesar Balcazar\\Documents\\PruebaChapter\\todo-list-angular\\src\\app\\todo-list\\components\\todo-wrapper\\todo-wrapper.component.ts","statementMap":{"0":{"start":{"line":1,"column":0},"end":{"line":1,"column":61}},"1":{"start":{"line":2,"column":0},"end":{"line":2,"column":9}},"2":{"start":{"line":3,"column":0},"end":{"line":3,"column":9}},"3":{"start":{"line":5,"column":0},"end":{"line":5,"column":45}},"4":{"start":{"line":6,"column":0},"end":{"line":6,"column":43}},"5":{"start":{"line":7,"column":0},"end":{"line":7,"column":31}},"6":{"start":{"line":14,"column":33},"end":{"line":108,"column":null}},"7":{"start":{"line":22,"column":21},"end":{"line":22,"column":35}},"8":{"start":{"line":23,"column":21},"end":{"line":23,"column":29}},"9":{"start":{"line":24,"column":21},"end":{"line":24,"column":30}},"10":{"start":{"line":15,"column":2},"end":{"line":15,"column":28}},"11":{"start":{"line":16,"column":2},"end":{"line":16,"column":55}},"12":{"start":{"line":18,"column":2},"end":{"line":18,"column":36}},"13":{"start":{"line":19,"column":2},"end":{"line":19,"column":29}},"14":{"start":{"line":28,"column":4},"end":{"line":28,"column":23}},"15":{"start":{"line":29,"column":4},"end":{"line":29,"column":28}},"16":{"start":{"line":33,"column":4},"end":{"line":33,"column":48}},"17":{"start":{"line":37,"column":4},"end":{"line":39,"column":55}},"18":{"start":{"line":39,"column":28},"end":{"line":39,"column":52}},"19":{"start":{"line":43,"column":21},"end":{"line":45,"column":null}},"20":{"start":{"line":48,"column":4},"end":{"line":54,"column":9}},"21":{"start":{"line":51,"column":8},"end":{"line":53,"column":null}},"22":{"start":{"line":52,"column":10},"end":{"line":52,"column":29}},"23":{"start":{"line":58,"column":4},"end":{"line":58,"column":37}},"24":{"start":{"line":62,"column":4},"end":{"line":62,"column":38}},"25":{"start":{"line":63,"column":4},"end":{"line":63,"column":37}},"26":{"start":{"line":67,"column":4},"end":{"line":71,"column":7}},"27":{"start":{"line":68,"column":6},"end":{"line":70,"column":null}},"28":{"start":{"line":69,"column":8},"end":{"line":69,"column":27}},"29":{"start":{"line":75,"column":4},"end":{"line":75,"column":53}},"30":{"start":{"line":79,"column":4},"end":{"line":79,"column":40}},"31":{"start":{"line":83,"column":4},"end":{"line":83,"column":79}},"32":{"start":{"line":87,"column":4},"end":{"line":87,"column":36}},"33":{"start":{"line":91,"column":4},"end":{"line":91,"column":72}},"34":{"start":{"line":91,"column":46},"end":{"line":91,"column":63}},"35":{"start":{"line":95,"column":4},"end":{"line":97,"column":11}},"36":{"start":{"line":101,"column":4},"end":{"line":101,"column":27}},"37":{"start":{"line":105,"column":4},"end":{"line":105,"column":27}},"38":{"start":{"line":106,"column":4},"end":{"line":106,"column":31}},"39":{"start":{"line":14,"column":13},"end":{"line":108,"column":null}},"40":{"start":{"line":14,"column":13},"end":{"line":14,"column":33}}},"fnMap":{"0":{"name":"(anonymous_0)","decl":{"start":{"line":21,"column":2},"end":{"line":21,"column":null}},"loc":{"start":{"line":24,"column":36},"end":{"line":25,"column":6}}},"1":{"name":"(anonymous_1)","decl":{"start":{"line":27,"column":2},"end":{"line":27,"column":10}},"loc":{"start":{"line":27,"column":10},"end":{"line":30,"column":3}}},"2":{"name":"(anonymous_2)","decl":{"start":{"line":32,"column":2},"end":{"line":32,"column":13}},"loc":{"start":{"line":32,"column":13},"end":{"line":34,"column":3}}},"3":{"name":"(anonymous_3)","decl":{"start":{"line":36,"column":2},"end":{"line":36,"column":18}},"loc":{"start":{"line":36,"column":18},"end":{"line":40,"column":3}}},"4":{"name":"(anonymous_4)","decl":{"start":{"line":39,"column":17},"end":{"line":39,"column":18}},"loc":{"start":{"line":39,"column":28},"end":{"line":39,"column":52}}},"5":{"name":"(anonymous_5)","decl":{"start":{"line":42,"column":2},"end":{"line":42,"column":16}},"loc":{"start":{"line":42,"column":27},"end":{"line":55,"column":3}}},"6":{"name":"(anonymous_6)","decl":{"start":{"line":50,"column":17},"end":{"line":50,"column":18}},"loc":{"start":{"line":50,"column":26},"end":{"line":54,"column":7}}},"7":{"name":"(anonymous_7)","decl":{"start":{"line":57,"column":2},"end":{"line":57,"column":9}},"loc":{"start":{"line":57,"column":9},"end":{"line":59,"column":3}}},"8":{"name":"(anonymous_8)","decl":{"start":{"line":61,"column":2},"end":{"line":61,"column":17}},"loc":{"start":{"line":61,"column":28},"end":{"line":64,"column":3}}},"9":{"name":"(anonymous_9)","decl":{"start":{"line":66,"column":2},"end":{"line":66,"column":12}},"loc":{"start":{"line":66,"column":23},"end":{"line":72,"column":3}}},"10":{"name":"(anonymous_10)","decl":{"start":{"line":67,"column":47},"end":{"line":67,"column":48}},"loc":{"start":{"line":67,"column":56},"end":{"line":71,"column":5}}},"11":{"name":"(anonymous_11)","decl":{"start":{"line":74,"column":2},"end":{"line":74,"column":19}},"loc":{"start":{"line":74,"column":19},"end":{"line":76,"column":3}}},"12":{"name":"(anonymous_12)","decl":{"start":{"line":78,"column":2},"end":{"line":78,"column":6}},"loc":{"start":{"line":78,"column":21},"end":{"line":80,"column":3}}},"13":{"name":"(anonymous_13)","decl":{"start":{"line":82,"column":2},"end":{"line":82,"column":6}},"loc":{"start":{"line":82,"column":28},"end":{"line":84,"column":3}}},"14":{"name":"(anonymous_14)","decl":{"start":{"line":86,"column":2},"end":{"line":86,"column":6}},"loc":{"start":{"line":86,"column":22},"end":{"line":88,"column":3}}},"15":{"name":"(anonymous_15)","decl":{"start":{"line":90,"column":2},"end":{"line":90,"column":6}},"loc":{"start":{"line":90,"column":26},"end":{"line":92,"column":3}}},"16":{"name":"(anonymous_16)","decl":{"start":{"line":91,"column":36},"end":{"line":91,"column":37}},"loc":{"start":{"line":91,"column":46},"end":{"line":91,"column":63}}},"17":{"name":"(anonymous_17)","decl":{"start":{"line":94,"column":2},"end":{"line":94,"column":6}},"loc":{"start":{"line":94,"column":20},"end":{"line":98,"column":3}}},"18":{"name":"(anonymous_18)","decl":{"start":{"line":100,"column":2},"end":{"line":100,"column":13}},"loc":{"start":{"line":100,"column":13},"end":{"line":102,"column":3}}},"19":{"name":"(anonymous_19)","decl":{"start":{"line":104,"column":2},"end":{"line":104,"column":17}},"loc":{"start":{"line":104,"column":17},"end":{"line":107,"column":3}}}},"branchMap":{"0":{"loc":{"start":{"line":45,"column":14},"end":{"line":45,"column":39}},"type":"cond-expr","locations":[{"start":{"line":45,"column":34},"end":{"line":45,"column":35}},{"start":{"line":45,"column":38},"end":{"line":45,"column":39}}]},"1":{"loc":{"start":{"line":51,"column":8},"end":{"line":53,"column":null}},"type":"if","locations":[{"start":{"line":51,"column":8},"end":{"line":53,"column":null}}]},"2":{"loc":{"start":{"line":68,"column":6},"end":{"line":70,"column":null}},"type":"if","locations":[{"start":{"line":68,"column":6},"end":{"line":70,"column":null}}]},"3":{"loc":{"start":{"line":83,"column":11},"end":{"line":83,"column":78}},"type":"cond-expr","locations":[{"start":{"line":83,"column":36},"end":{"line":83,"column":60}},{"start":{"line":83,"column":63},"end":{"line":83,"column":78}}]},"4":{"loc":{"start":{"line":95,"column":11},"end":{"line":97,"column":10}},"type":"cond-expr","locations":[{"start":{"line":96,"column":8},"end":{"line":96,"column":38}},{"start":{"line":97,"column":8},"end":{"line":97,"column":10}}]},"5":{"loc":{"start":{"line":95,"column":11},"end":{"line":95,"column":64}},"type":"binary-expr","locations":[{"start":{"line":95,"column":11},"end":{"line":95,"column":33}},{"start":{"line":95,"column":37},"end":{"line":95,"column":64}}]}},"s":{"0":1,"1":1,"2":1,"3":1,"4":1,"5":1,"6":1,"7":13,"8":13,"9":13,"10":13,"11":13,"12":13,"13":13,"14":13,"15":13,"16":15,"17":13,"18":13,"19":1,"20":1,"21":1,"22":1,"23":0,"24":0,"25":0,"26":1,"27":1,"28":1,"29":1,"30":0,"31":1,"32":79,"33":0,"34":0,"35":79,"36":13,"37":13,"38":13,"39":1,"40":1},"f":{"0":13,"1":13,"2":15,"3":13,"4":13,"5":1,"6":1,"7":0,"8":0,"9":1,"10":1,"11":1,"12":0,"13":1,"14":79,"15":0,"16":0,"17":79,"18":13,"19":13},"b":{"0":[0,1],"1":[1],"2":[1],"3":[0,1],"4":[79,0],"5":[79,0]}}
,"C:\\Users\\Cesar Balcazar\\Documents\\PruebaChapter\\todo-list-angular\\src\\app\\todo-list\\pipes\\index.ts": {"path":"C:\\Users\\Cesar Balcazar\\Documents\\PruebaChapter\\todo-list-angular\\src\\app\\todo-list\\pipes\\index.ts","statementMap":{"0":{"start":{"line":1,"column":0},"end":{"line":1,"column":35}}},"fnMap":{},"branchMap":{},"s":{"0":1},"f":{},"b":{}}
,"C:\\Users\\Cesar Balcazar\\Documents\\PruebaChapter\\todo-list-angular\\src\\app\\todo-list\\pipes\\todo-filter.pipe.ts": {"path":"C:\\Users\\Cesar Balcazar\\Documents\\PruebaChapter\\todo-list-angular\\src\\app\\todo-list\\pipes\\todo-filter.pipe.ts","statementMap":{"0":{"start":{"line":1,"column":0},"end":{"line":1,"column":52}},"1":{"start":{"line":7,"column":27},"end":{"line":27,"column":null}},"2":{"start":{"line":13,"column":4},"end":{"line":25,"column":7}},"3":{"start":{"line":14,"column":37},"end":{"line":16,"column":45}},"4":{"start":{"line":18,"column":6},"end":{"line":20,"column":null}},"5":{"start":{"line":19,"column":8},"end":{"line":19,"column":29}},"6":{"start":{"line":22,"column":39},"end":{"line":22,"column":56}},"7":{"start":{"line":24,"column":6},"end":{"line":24,"column":46}},"8":{"start":{"line":7,"column":13},"end":{"line":27,"column":null}},"9":{"start":{"line":7,"column":13},"end":{"line":7,"column":27}}},"fnMap":{"0":{"name":"(anonymous_0)","decl":{"start":{"line":8,"column":2},"end":{"line":8,"column":11}},"loc":{"start":{"line":11,"column":27},"end":{"line":26,"column":3}}},"1":{"name":"(anonymous_1)","decl":{"start":{"line":13,"column":24},"end":{"line":13,"column":25}},"loc":{"start":{"line":13,"column":33},"end":{"line":25,"column":5}}}},"branchMap":{"0":{"loc":{"start":{"line":11,"column":4},"end":{"line":11,"column":27}},"type":"default-arg","locations":[{"start":{"line":11,"column":23},"end":{"line":11,"column":27}}]},"1":{"loc":{"start":{"line":18,"column":6},"end":{"line":20,"column":null}},"type":"if","locations":[{"start":{"line":18,"column":6},"end":{"line":20,"column":null}}]},"2":{"loc":{"start":{"line":24,"column":13},"end":{"line":24,"column":45}},"type":"binary-expr","locations":[{"start":{"line":24,"column":13},"end":{"line":24,"column":26}},{"start":{"line":24,"column":30},"end":{"line":24,"column":45}}]}},"s":{"0":2,"1":2,"2":3,"3":6,"4":6,"5":2,"6":4,"7":4,"8":2,"9":2},"f":{"0":3,"1":6},"b":{"0":[1],"1":[2],"2":[4,2]}}
,"C:\\Users\\Cesar Balcazar\\Documents\\PruebaChapter\\todo-list-angular\\src\\app\\todo-list\\services\\index.ts": {"path":"C:\\Users\\Cesar Balcazar\\Documents\\PruebaChapter\\todo-list-angular\\src\\app\\todo-list\\services\\index.ts","statementMap":{"0":{"start":{"line":1,"column":0},"end":{"line":1,"column":32}},"1":{"start":{"line":2,"column":0},"end":{"line":2,"column":31}}},"fnMap":{},"branchMap":{},"s":{"0":1,"1":1},"f":{},"b":{}}
,"C:\\Users\\Cesar Balcazar\\Documents\\PruebaChapter\\todo-list-angular\\src\\app\\todo-list\\services\\state.service.ts": {"path":"C:\\Users\\Cesar Balcazar\\Documents\\PruebaChapter\\todo-list-angular\\src\\app\\todo-list\\services\\state.service.ts","statementMap":{"0":{"start":{"line":1,"column":0},"end":{"line":1,"column":43}},"1":{"start":{"line":2,"column":0},"end":{"line":2,"column":39}},"2":{"start":{"line":8,"column":25},"end":{"line":31,"column":null}},"3":{"start":{"line":10,"column":9},"end":{"line":10,"column":62}},"4":{"start":{"line":11,"column":9},"end":{"line":11,"column":53}},"5":{"start":{"line":16,"column":4},"end":{"line":16,"column":41}},"6":{"start":{"line":20,"column":4},"end":{"line":20,"column":35}},"7":{"start":{"line":24,"column":4},"end":{"line":24,"column":37}},"8":{"start":{"line":28,"column":4},"end":{"line":28,"column":31}},"9":{"start":{"line":8,"column":13},"end":{"line":31,"column":null}},"10":{"start":{"line":8,"column":13},"end":{"line":8,"column":25}}},"fnMap":{"0":{"name":"(anonymous_0)","decl":{"start":{"line":13,"column":2},"end":{"line":13,"column":18}},"loc":{"start":{"line":13,"column":2},"end":{"line":13,"column":19}}},"1":{"name":"(anonymous_1)","decl":{"start":{"line":15,"column":2},"end":{"line":15,"column":6}},"loc":{"start":{"line":15,"column":18},"end":{"line":17,"column":3}}},"2":{"name":"(anonymous_2)","decl":{"start":{"line":19,"column":2},"end":{"line":19,"column":17}},"loc":{"start":{"line":19,"column":29},"end":{"line":21,"column":3}}},"3":{"name":"(anonymous_3)","decl":{"start":{"line":23,"column":2},"end":{"line":23,"column":6}},"loc":{"start":{"line":23,"column":14},"end":{"line":25,"column":3}}},"4":{"name":"(anonymous_4)","decl":{"start":{"line":27,"column":2},"end":{"line":27,"column":13}},"loc":{"start":{"line":27,"column":27},"end":{"line":29,"column":3}}}},"branchMap":{},"s":{"0":3,"1":3,"2":3,"3":21,"4":21,"5":1,"6":9,"7":1,"8":2,"9":3,"10":3},"f":{"0":21,"1":1,"2":9,"3":1,"4":2},"b":{}}
,"C:\\Users\\Cesar Balcazar\\Documents\\PruebaChapter\\todo-list-angular\\src\\app\\todo-list\\services\\todo.service.ts": {"path":"C:\\Users\\Cesar Balcazar\\Documents\\PruebaChapter\\todo-list-angular\\src\\app\\todo-list\\services\\todo.service.ts","statementMap":{"0":{"start":{"line":1,"column":0},"end":{"line":1,"column":9}},"1":{"start":{"line":2,"column":0},"end":{"line":2,"column":43}},"2":{"start":{"line":5,"column":0},"end":{"line":5,"column":37}},"3":{"start":{"line":6,"column":0},"end":{"line":6,"column":9}},"4":{"start":{"line":12,"column":24},"end":{"line":42,"column":null}},"5":{"start":{"line":16,"column":22},"end":{"line":16,"column":28}},"6":{"start":{"line":16,"column":57},"end":{"line":16,"column":64}},"7":{"start":{"line":13,"column":19},"end":{"line":13,"column":32}},"8":{"start":{"line":14,"column":19},"end":{"line":14,"column":66}},"9":{"start":{"line":19,"column":4},"end":{"line":25,"column":8}},"10":{"start":{"line":23,"column":10},"end":{"line":23,"column":44}},"11":{"start":{"line":29,"column":4},"end":{"line":32,"column":6}},"12":{"start":{"line":36,"column":4},"end":{"line":36,"column":71}},"13":{"start":{"line":40,"column":4},"end":{"line":40,"column":68}},"14":{"start":{"line":12,"column":13},"end":{"line":42,"column":null}},"15":{"start":{"line":12,"column":13},"end":{"line":12,"column":24}}},"fnMap":{"0":{"name":"(anonymous_0)","decl":{"start":{"line":16,"column":2},"end":{"line":16,"column":22}},"loc":{"start":{"line":16,"column":76},"end":{"line":16,"column":80}}},"1":{"name":"(anonymous_1)","decl":{"start":{"line":18,"column":2},"end":{"line":18,"column":13}},"loc":{"start":{"line":18,"column":13},"end":{"line":26,"column":3}}},"2":{"name":"(anonymous_2)","decl":{"start":{"line":22,"column":12},"end":{"line":22,"column":13}},"loc":{"start":{"line":22,"column":21},"end":{"line":24,"column":9}}},"3":{"name":"(anonymous_3)","decl":{"start":{"line":28,"column":2},"end":{"line":28,"column":12}},"loc":{"start":{"line":28,"column":23},"end":{"line":33,"column":3}}},"4":{"name":"(anonymous_4)","decl":{"start":{"line":35,"column":2},"end":{"line":35,"column":12}},"loc":{"start":{"line":35,"column":35},"end":{"line":37,"column":3}}},"5":{"name":"(anonymous_5)","decl":{"start":{"line":39,"column":2},"end":{"line":39,"column":12}},"loc":{"start":{"line":39,"column":23},"end":{"line":41,"column":3}}}},"branchMap":{},"s":{"0":3,"1":3,"2":3,"3":3,"4":3,"5":18,"6":18,"7":18,"8":18,"9":14,"10":1,"11":1,"12":1,"13":1,"14":3,"15":3},"f":{"0":18,"1":14,"2":1,"3":1,"4":1,"5":1},"b":{}}
}
