TN:
SF:src\app\todo-list\components\todo-wrapper\todo-wrapper.component.html
FNF:0
FNH:0
DA:1,1
LF:1
LH:1
BRF:0
BRH:0
end_of_record
TN:
SF:src\app\todo-list\components\todo-wrapper\todo-wrapper.component.ts
FN:22,(anonymous_0)
FN:27,(anonymous_1)
FN:41,(anonymous_2)
FN:43,(anonymous_3)
FN:49,(anonymous_4)
FN:56,(anonymous_5)
FN:60,(anonymous_6)
FN:62,(anonymous_7)
FN:68,(anonymous_8)
FN:74,(anonymous_9)
FN:81,(anonymous_10)
FN:86,(anonymous_11)
FN:90,(anonymous_12)
FN:110,(anonymous_13)
FN:116,(anonymous_14)
FN:119,(anonymous_15)
FN:124,(anonymous_16)
FNF:17
FNH:0
FNDA:0,(anonymous_0)
FNDA:0,(anonymous_1)
FNDA:0,(anonymous_2)
FNDA:0,(anonymous_3)
FNDA:0,(anonymous_4)
FNDA:0,(anonymous_5)
FNDA:0,(anonymous_6)
FNDA:0,(anonymous_7)
FNDA:0,(anonymous_8)
FNDA:0,(anonymous_9)
FNDA:0,(anonymous_10)
FNDA:0,(anonymous_11)
FNDA:0,(anonymous_12)
FNDA:0,(anonymous_13)
FNDA:0,(anonymous_14)
FNDA:0,(anonymous_15)
FNDA:0,(anonymous_16)
DA:1,1
DA:2,1
DA:5,1
DA:6,1
DA:14,1
DA:16,0
DA:17,0
DA:19,0
DA:20,0
DA:23,0
DA:24,0
DA:25,0
DA:28,0
DA:29,0
DA:42,0
DA:44,0
DA:46,0
DA:47,0
DA:50,0
DA:57,0
DA:61,0
DA:63,0
DA:64,0
DA:65,0
DA:69,0
DA:76,0
DA:78,0
DA:79,0
DA:81,0
DA:82,0
DA:87,0
DA:88,0
DA:89,0
DA:90,0
DA:93,0
DA:94,0
DA:111,0
DA:112,0
DA:113,0
DA:117,0
DA:118,0
DA:120,0
LF:42
LH:5
BRDA:44,0,0,0
BRDA:63,1,0,0
BRDA:78,2,0,0
BRDA:78,2,1,0
BRDA:88,3,0,0
BRDA:88,3,1,0
BRDA:120,4,0,0
BRF:7
BRH:0
end_of_record
TN:
SF:src\app\todo-list\services\state.service.ts
FN:13,(anonymous_0)
FN:15,(anonymous_1)
FN:19,(anonymous_2)
FN:23,(anonymous_3)
FN:27,(anonymous_4)
FNF:5
FNH:1
FNDA:2,(anonymous_0)
FNDA:0,(anonymous_1)
FNDA:0,(anonymous_2)
FNDA:0,(anonymous_3)
FNDA:0,(anonymous_4)
DA:1,1
DA:2,1
DA:8,1
DA:10,2
DA:11,2
DA:16,0
DA:20,0
DA:24,0
DA:28,0
LF:9
LH:5
BRF:0
BRH:0
end_of_record
TN:
SF:src\app\todo-list\services\todo.service.ts
FN:15,(anonymous_0)
FN:17,(anonymous_1)
FN:19,(anonymous_2)
FN:23,(anonymous_3)
FN:28,(anonymous_4)
FN:33,(anonymous_5)
FNF:6
FNH:1
FNDA:2,(anonymous_0)
FNDA:0,(anonymous_1)
FNDA:0,(anonymous_2)
FNDA:0,(anonymous_3)
FNDA:0,(anonymous_4)
FNDA:0,(anonymous_5)
DA:1,1
DA:2,1
DA:4,1
DA:10,1
DA:12,2
DA:13,2
DA:15,2
DA:18,0
DA:19,0
DA:24,0
DA:25,0
DA:29,0
DA:30,0
DA:34,0
LF:14
LH:7
BRF:0
BRH:0
end_of_record
