TN:
SF:src\app\todo-list\components\add-todo\add-todo.component.html
FNF:0
FNH:0
DA:1,2
LF:1
LH:1
BRF:0
BRH:0
end_of_record
TN:
SF:src\app\todo-list\components\add-todo\add-todo.component.ts
FN:15,(anonymous_0)
FN:19,(anonymous_1)
FN:26,(anonymous_2)
FN:31,(anonymous_3)
FN:34,(anonymous_4)
FN:39,(anonymous_5)
FNF:6
FNH:4
FNDA:3,(anonymous_0)
FNDA:3,(anonymous_1)
FNDA:1,(anonymous_2)
FNDA:2,(anonymous_3)
FNDA:0,(anonymous_4)
FNDA:0,(anonymous_5)
DA:1,2
DA:2,2
DA:4,2
DA:11,2
DA:16,3
DA:20,3
DA:27,1
DA:28,1
DA:32,2
DA:33,2
DA:35,0
DA:36,0
DA:40,0
LF:13
LH:10
BRDA:35,0,0,0
BRF:1
BRH:0
end_of_record
TN:
SF:src\app\todo-list\components\todo-wrapper\todo-wrapper.component.html
FNF:0
FNH:0
DA:1,2
LF:1
LH:1
BRF:0
BRH:0
end_of_record
TN:
SF:src\app\todo-list\components\todo-wrapper\todo-wrapper.component.ts
FN:22,(anonymous_0)
FN:26,(anonymous_1)
FN:30,(anonymous_2)
FN:32,(anonymous_3)
FN:38,(anonymous_4)
FN:44,(anonymous_5)
FN:48,(anonymous_6)
FN:50,(anonymous_7)
FN:56,(anonymous_8)
FN:62,(anonymous_9)
FN:69,(anonymous_10)
FN:74,(anonymous_11)
FN:78,(anonymous_12)
FN:98,(anonymous_13)
FN:104,(anonymous_14)
FN:107,(anonymous_15)
FN:112,(anonymous_16)
FNF:17
FNH:4
FNDA:12,(anonymous_0)
FNDA:10,(anonymous_1)
FNDA:10,(anonymous_2)
FNDA:0,(anonymous_3)
FNDA:0,(anonymous_4)
FNDA:1,(anonymous_5)
FNDA:0,(anonymous_6)
FNDA:0,(anonymous_7)
FNDA:0,(anonymous_8)
FNDA:0,(anonymous_9)
FNDA:0,(anonymous_10)
FNDA:0,(anonymous_11)
FNDA:0,(anonymous_12)
FNDA:0,(anonymous_13)
FNDA:0,(anonymous_14)
FNDA:0,(anonymous_15)
FNDA:0,(anonymous_16)
DA:1,2
DA:2,2
DA:6,2
DA:14,2
DA:16,12
DA:17,12
DA:19,12
DA:20,12
DA:23,12
DA:24,12
DA:27,10
DA:31,10
DA:33,0
DA:35,0
DA:36,0
DA:39,0
DA:45,1
DA:49,0
DA:51,0
DA:52,0
DA:53,0
DA:57,0
DA:64,0
DA:66,0
DA:67,0
DA:69,0
DA:70,0
DA:75,0
DA:76,0
DA:77,0
DA:78,0
DA:81,0
DA:82,0
DA:99,0
DA:100,0
DA:105,0
DA:106,0
DA:108,0
LF:38
LH:13
BRDA:33,0,0,0
BRDA:51,1,0,0
BRDA:66,2,0,0
BRDA:66,2,1,0
BRDA:76,3,0,0
BRDA:76,3,1,0
BRDA:108,4,0,0
BRF:7
BRH:0
end_of_record
TN:
SF:src\app\todo-list\services\state.service.ts
FN:13,(anonymous_0)
FN:15,(anonymous_1)
FN:19,(anonymous_2)
FN:23,(anonymous_3)
FN:27,(anonymous_4)
FNF:5
FNH:0
FNDA:0,(anonymous_0)
FNDA:0,(anonymous_1)
FNDA:0,(anonymous_2)
FNDA:0,(anonymous_3)
FNDA:0,(anonymous_4)
DA:1,1
DA:2,1
DA:8,1
DA:10,0
DA:11,0
DA:16,0
DA:20,0
DA:24,0
DA:28,0
LF:9
LH:3
BRF:0
BRH:0
end_of_record
TN:
SF:src\app\todo-list\services\todo.service.ts
FN:16,(anonymous_0)
FN:18,(anonymous_1)
FN:20,(anonymous_2)
FN:24,(anonymous_3)
FN:29,(anonymous_4)
FN:34,(anonymous_5)
FNF:6
FNH:6
FNDA:19,(anonymous_0)
FNDA:11,(anonymous_1)
FNDA:1,(anonymous_2)
FNDA:3,(anonymous_3)
FNDA:1,(anonymous_4)
FNDA:1,(anonymous_5)
DA:1,4
DA:2,4
DA:4,4
DA:10,4
DA:12,19
DA:14,19
DA:16,19
DA:19,11
DA:20,1
DA:25,3
DA:26,3
DA:30,1
DA:31,1
DA:35,1
LF:14
LH:14
BRF:0
BRH:0
end_of_record
